<?xml version="1.0" encoding="utf-8"?><testsuites name="pytest tests"><testsuite name="pytest" errors="0" failures="0" skipped="0" tests="11" time="1.815" timestamp="2026-03-20T15:20:09.112111+00:00" hostname="agent-env-740a5c6a-df1f-4d9c-b6d3-0a704d4363dd"><testcase classname="tests.test_automation_fixes.TestApiHealth" name="test_api_root_returns_valid_response" time="0.285" /><testcase classname="tests.test_automation_fixes.TestCreemWebhookEndpoint" name="test_creem_webhook_endpoint_exists" time="0.167" /><testcase classname="tests.test_automation_fixes.TestCreemWebhookEndpoint" name="test_creem_webhook_returns_received_true" time="0.171" /><testcase classname="tests.test_automation_fixes.TestCreemWebhookEndpoint" name="test_creem_webhook_idempotency" time="0.277" /><testcase classname="tests.test_automation_fixes.TestSimulateWebhookEndpoint" name="test_simulate_webhook_still_works" time="0.124" /><testcase classname="tests.test_automation_fixes.TestSimulateWebhookEndpoint" name="test_simulate_webhook_returns_order_details" time="0.194" /><testcase classname="tests.test_automation_fixes.TestAutomationOrdersEndpoints" name="test_get_orders_list" time="0.142" /><testcase classname="tests.test_automation_fixes.TestAutomationOrdersEndpoints" name="test_get_orders_with_status_filter" time="0.154" /><testcase classname="tests.test_automation_fixes.TestStorageCleanup" name="test_completed_orders_have_deleted_pdf_path" time="0.129" /><testcase classname="tests.test_automation_fixes.TestBaseUrlConfiguration" name="test_backend_env_has_app_base_url" time="0.000" /><testcase classname="tests.test_automation_fixes.TestWebhookSecretConfiguration" name="test_backend_env_has_webhook_secret" time="0.000" /></testsuite></testsuites>